                Time          Cycles PC       Instr    Mnemonic
     76ns               3 00000080 00000093 addi             x1, x0, 0            x1=00000000
     86ns               4 00000082 00000113 addi             x2, x0, 0            x2=00000000
     96ns               5 00000084 00000193 addi             x3, x0, 0            x3=00000000
    106ns               6 00000086 00000213 addi             x4, x0, 0            x4=00000000
    116ns               7 00000088 00000293 addi             x5, x0, 0            x5=00000000
    126ns               8 0000008a 00000313 addi             x6, x0, 0            x6=00000000
    136ns               9 0000008c 00000393 addi             x7, x0, 0            x7=00000000
    146ns              10 0000008e 00000413 addi             x8, x0, 0            x8=00000000
    156ns              11 00000090 00000493 addi             x9, x0, 0            x9=00000000
    166ns              12 00000092 00000513 addi             x10, x0, 0          x10=00000000
    176ns              13 00000094 00000593 addi             x11, x0, 0          x11=00000000
    186ns              14 00000096 00000613 addi             x12, x0, 0          x12=00000000
    196ns              15 00000098 00000693 addi             x13, x0, 0          x13=00000000
    206ns              16 0000009a 00000713 addi             x14, x0, 0          x14=00000000
    216ns              17 0000009c 00000793 addi             x15, x0, 0          x15=00000000
    226ns              18 0000009e 00000813 addi             x16, x0, 0          x16=00000000
    236ns              19 000000a0 00000893 addi             x17, x0, 0          x17=00000000
    246ns              20 000000a2 00000913 addi             x18, x0, 0          x18=00000000
    256ns              21 000000a4 00000993 addi             x19, x0, 0          x19=00000000
    266ns              22 000000a6 00000a13 addi             x20, x0, 0          x20=00000000
    276ns              23 000000a8 00000a93 addi             x21, x0, 0          x21=00000000
    286ns              24 000000aa 00000b13 addi             x22, x0, 0          x22=00000000
    296ns              25 000000ac 00000b93 addi             x23, x0, 0          x23=00000000
    306ns              26 000000ae 00000c13 addi             x24, x0, 0          x24=00000000
    316ns              27 000000b0 00000c93 addi             x25, x0, 0          x25=00000000
    326ns              28 000000b2 00000d13 addi             x26, x0, 0          x26=00000000
    336ns              29 000000b4 00000d93 addi             x27, x0, 0          x27=00000000
    346ns              30 000000b6 00000e13 addi             x28, x0, 0          x28=00000000
    356ns              31 000000b8 00000e93 addi             x29, x0, 0          x29=00000000
    366ns              32 000000ba 00000f13 addi             x30, x0, 0          x30=00000000
    376ns              33 000000bc 00000f93 addi             x31, x0, 0          x31=00000000
    386ns              34 000000be 00200197 auipc            x3, 0x200000         x3=002000be
    396ns              35 000000c2 74a18193 addi             x3, x3, 1866         x3=00200808  x3:002000be
    406ns              36 000000c6 00201117 auipc            x2, 0x201000         x2=002010c6
    416ns              37 000000ca fca10113 addi             x2, x2, -54          x2=00201090  x2:002010c6
    426ns              38 000000ce 00000517 auipc            x10, 0x0            x10=000000ce
    436ns              39 000000d2 f3250513 addi             x10, x10, -206      x10=00000000 x10:000000ce
    446ns              40 000000d6 30551073 csrrw            x0, x10, 0x305      x10:00000000
    456ns              41 000000da 00200517 auipc            x10, 0x200000       x10=002000da
    466ns              42 000000de 77250513 addi             x10, x10, 1906      x10=0020084c x10:002000da
    476ns              43 000000e2 00200617 auipc            x12, 0x200000       x12=002000e2
    486ns              44 000000e6 7a260613 addi             x12, x12, 1954      x12=00200884 x12:002000e2
    496ns              45 000000ea 40a60633 sub              x12, x12, x10       x12=00000038 x12:00200884 x10:0020084c
    506ns              46 000000ec 00000593 addi             x11, x0, 0          x11=00000000
    516ns              47 000000ee 388000ef jal              x1, 904              x1=000000f0
    536ns              49 00000476 00f00813 addi             x16, x0, 15         x16=0000000f
    546ns              50 00000478 00a00733 add              x14, x0, x10        x14=0020084c x10:0020084c
    556ns              51 0000047a 02c87363 bgeu             x16, x12, 38        x16:0000000f x12:00000038
    566ns              52 0000047e 00f77793 andi             x15, x14, 15        x15=0000000c x14:0020084c
    576ns              53 00000482 06079f63 bne              x15, x0, 126        x15:0000000c
    606ns              56 00000500 00279693 slli             x13, x15, 0x2       x13=00000030 x15:0000000c
    616ns              57 00000504 00000297 auipc            x5, 0x0              x5=00000504
    626ns              58 00000508 005686b3 add              x13, x13, x5        x13=00000534 x13:00000030  x5:00000504
    636ns              59 0000050a 001002b3 add              x5, x0, x1           x5=000000f0  x1:000000f0
    646ns              60 0000050c fa8680e7 jalr             x1, x13, -88         x1=00000510 x13:00000534
    666ns              62 000004dc 00b701a3 sb               x11, 3(x14)         x11:00000000 x14:0020084c  PA:0020084f
    676ns              63 000004e0 00b70123 sb               x11, 2(x14)         x11:00000000 x14:0020084c  PA:0020084e
    686ns              64 000004e4 00b700a3 sb               x11, 1(x14)         x11:00000000 x14:0020084c  PA:0020084d
    696ns              65 000004e8 00b70023 sb               x11, 0(x14)         x11:00000000 x14:0020084c  PA:0020084c
    706ns              66 000004ec 00008067 jalr             x0, x1, 0            x1:00000510
    726ns              68 00000510 005000b3 add              x1, x0, x5           x1=000000f0  x5:000000f0
    736ns              69 00000512 ff078793 addi             x15, x15, -16       x15=fffffffc x15:0000000c
    746ns              70 00000514 40f70733 sub              x14, x14, x15       x14=00200850 x14:0020084c x15:fffffffc
    756ns              71 00000516 00f60633 add              x12, x12, x15       x12=00000034 x12:00000038 x15:fffffffc
    766ns              72 00000518 f8c874e3 bgeu             x16, x12, -120      x16:0000000f x12:00000034
    776ns              73 0000051c f69ff06f jal              x0, -152           
    796ns              75 00000484 06059563 bne              x11, x0, 106        x11:00000000
    806ns              76 00000486 ff067693 andi             x13, x12, -16       x13=00000030 x12:00000034
    816ns              77 0000048a 00f67613 andi             x12, x12, 15        x12=00000004 x12:00000034
    826ns              78 0000048c 00e686b3 add              x13, x13, x14       x13=00200880 x13:00000030 x14:00200850
    836ns              79 0000048e 00b72023 sw               x11, 0(x14)         x11:00000000 x14:00200850  PA:00200850
    846ns              80 00000490 00b72223 sw               x11, 4(x14)         x11:00000000 x14:00200850  PA:00200854
    856ns              81 00000492 00b72423 sw               x11, 8(x14)         x11:00000000 x14:00200850  PA:00200858
    866ns              82 00000494 00b72623 sw               x11, 12(x14)        x11:00000000 x14:00200850  PA:0020085c
    876ns              83 00000496 01070713 addi             x14, x14, 16        x14=00200860 x14:00200850
    886ns              84 00000498 fed76be3 bltu             x14, x13, -10       x14:00200860 x13:00200880
    916ns              87 0000048e 00b72023 sw               x11, 0(x14)         x11:00000000 x14:00200860  PA:00200860
    926ns              88 00000490 00b72223 sw               x11, 4(x14)         x11:00000000 x14:00200860  PA:00200864
    936ns              89 00000492 00b72423 sw               x11, 8(x14)         x11:00000000 x14:00200860  PA:00200868
    946ns              90 00000494 00b72623 sw               x11, 12(x14)        x11:00000000 x14:00200860  PA:0020086c
    956ns              91 00000496 01070713 addi             x14, x14, 16        x14=00200870 x14:00200860
    966ns              92 00000498 fed76be3 bltu             x14, x13, -10       x14:00200870 x13:00200880
    996ns              95 0000048e 00b72023 sw               x11, 0(x14)         x11:00000000 x14:00200870  PA:00200870
   1006ns              96 00000490 00b72223 sw               x11, 4(x14)         x11:00000000 x14:00200870  PA:00200874
   1016ns              97 00000492 00b72423 sw               x11, 8(x14)         x11:00000000 x14:00200870  PA:00200878
   1026ns              98 00000494 00b72623 sw               x11, 12(x14)        x11:00000000 x14:00200870  PA:0020087c
   1036ns              99 00000496 01070713 addi             x14, x14, 16        x14=00200880 x14:00200870
   1046ns             100 00000498 fed76be3 bltu             x14, x13, -10       x14:00200880 x13:00200880
   1056ns             101 0000049c 00061263 bne              x12, x0, 4          x12:00000004
   1086ns             104 000004a0 40c806b3 sub              x13, x16, x12       x13=0000000b x16:0000000f x12:00000004
   1096ns             105 000004a4 00269693 slli             x13, x13, 0x2       x13=0000002c x13:0000000b
   1106ns             106 000004a6 00000297 auipc            x5, 0x0              x5=000004a6
   1116ns             107 000004aa 005686b3 add              x13, x13, x5        x13=000004d2 x13:0000002c  x5:000004a6
   1136ns             109 000004ac 00a68067 jalr             x0, x13, 10         x13:000004d2
   1156ns             111 000004dc 00b701a3 sb               x11, 3(x14)         x11:00000000 x14:00200880  PA:00200883
   1166ns             112 000004e0 00b70123 sb               x11, 2(x14)         x11:00000000 x14:00200880  PA:00200882
   1176ns             113 000004e4 00b700a3 sb               x11, 1(x14)         x11:00000000 x14:00200880  PA:00200881
   1186ns             114 000004e8 00b70023 sb               x11, 0(x14)         x11:00000000 x14:00200880  PA:00200880
   1196ns             115 000004ec 00008067 jalr             x0, x1, 0            x1:000000f0
   1216ns             117 000000f0 00000517 auipc            x10, 0x0            x10=000000f0
   1226ns             118 000000f4 2e050513 addi             x10, x10, 736       x10=000003d0 x10:000000f0
   1236ns             119 000000f8 2b4000ef jal              x1, 692              x1=000000fa
   1256ns             121 000003ac 00a005b3 add              x11, x0, x10        x11=000003d0 x10:000003d0
   1266ns             122 000003ae 00000693 addi             x13, x0, 0          x13=00000000
   1276ns             123 000003b0 00000613 addi             x12, x0, 0          x12=00000000
   1286ns             124 000003b2 00000513 addi             x10, x0, 0          x10=00000000
   1296ns             125 000003b4 2ae0006f jal              x0, 686            
   1316ns             127 00000662 0341a703 lw               x14, 52(x3)         x14=00200008  x3:00200808  PA:0020083c
   1326ns             128 00000666 00a00333 add              x6, x0, x10          x6=00000000 x10:00000000
   1336ns             129 00000668 14872783 lw               x15, 328(x14)       x15=00000000 x14:00200008  PA:00200150
   1356ns             131 0000066c 00079563 bne              x15, x0, 10         x15:00000000
   1366ns             132 0000066e 14c70793 addi             x15, x14, 332       x15=00200154 x14:00200008
   1376ns             133 00000672 14f72423 sw               x15, 328(x14)       x15:00200154 x14:00200008  PA:00200150
   1386ns             134 00000676 0047a703 lw               x14, 4(x15)         x14=00000000 x15:00200154  PA:00200158
   1396ns             135 00000678 01f00813 addi             x16, x0, 31         x16=0000001f
   1406ns             136 0000067a fff00513 addi             x10, x0, -1         x10=ffffffff
   1416ns             137 0000067c 04e84263 blt              x16, x14, 68        x16:0000001f x14:00000000
   1426ns             138 00000680 00271893 slli             x17, x14, 0x2       x17=00000000 x14:00000000
   1436ns             139 00000684 02030963 beq              x6, x0, 50           x6:00000000
   1466ns             142 000006b6 00170713 addi             x14, x14, 1         x14=00000001 x14:00000000
   1476ns             143 000006b8 00e7a223 sw               x14, 4(x15)         x14:00000001 x15:00200154  PA:00200158
   1486ns             144 000006ba 011787b3 add              x15, x15, x17       x15=00200154 x15:00200154 x17:00000000
   1496ns             145 000006bc 00b7a423 sw               x11, 8(x15)         x11:000003d0 x15:00200154  PA:0020015c
   1506ns             146 000006be 00000513 addi             x10, x0, 0          x10=00000000
   1516ns             147 000006c0 00008067 jalr             x0, x1, 0            x1:000000fa
   1536ns             149 000000fa 31c000ef jal              x1, 796              x1=000000fc
   1556ns             151 00000416 ff010113 addi             x2, x2, -16          x2=00201080  x2:00201090
   1566ns             152 00000418 00812423 sw               x8, 8(x2)            x8:00000000  x2:00201080  PA:00201088
   1576ns             153 0000041a 00912223 sw               x9, 4(x2)            x9:00000000  x2:00201080  PA:00201084
   1586ns             154 0000041c 00002437 lui              x8, 0x2000           x8=00002000
   1596ns             155 0000041e 000024b7 lui              x9, 0x2000           x9=00002000
   1606ns             156 00000420 f6048793 addi             x15, x9, -160       x15=00001f60  x9:00002000
   1616ns             157 00000424 f6040413 addi             x8, x8, -160         x8=00001f60  x8:00002000
   1626ns             158 00000428 40f40433 sub              x8, x8, x15          x8=00000000  x8:00001f60 x15:00001f60
   1636ns             159 0000042a 01212023 sw               x18, 0(x2)          x18:00000000  x2:00201080  PA:00201080
   1646ns             160 0000042c 00112623 sw               x1, 12(x2)           x1:000000fc  x2:00201080  PA:0020108c
   1656ns             161 0000042e 40245413 srai             x8, x8, 0x402        x8=00000000  x8:00000000
   1666ns             162 00000430 f6048493 addi             x9, x9, -160         x9=00001f60  x9:00002000
   1676ns             163 00000434 00000913 addi             x18, x0, 0          x18=00000000
   1686ns             164 00000436 02891663 bne              x18, x8, 44         x18:00000000  x8:00000000
   1696ns             165 0000043a 000024b7 lui              x9, 0x2000           x9=00002000
   1706ns             166 0000043c ccdff0ef jal              x1, -820             x1=0000043e
   1726ns             168 00000108 00008067 jalr             x0, x1, 0            x1:0000043e
   1746ns             170 0000043e 00002437 lui              x8, 0x2000           x8=00002000
   1756ns             171 00000440 f6048793 addi             x15, x9, -160       x15=00001f60  x9:00002000
   1766ns             172 00000444 f6040413 addi             x8, x8, -160         x8=00001f60  x8:00002000
   1776ns             173 00000448 40f40433 sub              x8, x8, x15          x8=00000000  x8:00001f60 x15:00001f60
   1786ns             174 0000044a 40245413 srai             x8, x8, 0x402        x8=00000000  x8:00000000
   1796ns             175 0000044c f6048493 addi             x9, x9, -160         x9=00001f60  x9:00002000
   1806ns             176 00000450 00000913 addi             x18, x0, 0          x18=00000000
   1816ns             177 00000452 00891d63 bne              x18, x8, 26         x18:00000000  x8:00000000
   1826ns             178 00000456 00c12083 lw               x1, 12(x2)           x1=000000fc  x2:00201080  PA:0020108c
   1836ns             179 00000458 00812403 lw               x8, 8(x2)            x8=00000000  x2:00201080  PA:00201088
   1846ns             180 0000045a 00412483 lw               x9, 4(x2)            x9=00000000  x2:00201080  PA:00201084
   1856ns             181 0000045c 00012903 lw               x18, 0(x2)          x18=00000000  x2:00201080  PA:00201080
   1866ns             182 0000045e 01010113 addi             x2, x2, 16           x2=00201090  x2:00201080
   1876ns             183 00000460 00008067 jalr             x0, x1, 0            x1:000000fc
   1896ns             185 000000fc 296000ef jal              x1, 662              x1=000000fe
   1916ns             187 00000392 00200537 lui              x10, 0x200000       x10=00200000
   1926ns             188 00000396 00050513 addi             x10, x10, 0         x10=00200000 x10:00200000
   1936ns             189 0000039a 00002297 auipc            x5, 0x2000           x5=0000239a
   1946ns             190 0000039e bc628293 addi             x5, x5, -1082        x5=00001f60  x5:0000239a
   1956ns             191 000003a2 0002a303 lw               x6, 0(x5)            x6=12345678  x5:00001f60  PA:00001f60
   1966ns             192 000003a6 0042a383 lw               x7, 4(x5)            x7=cafecafe  x5:00001f60  PA:00001f64
   1976ns             193 000003aa 00008067 jalr             x0, x1, 0            x1:000000fe
   1996ns             195 000000fe 00012503 lw               x10, 0(x2)          x10=xxxxxxxx  x2:00201090  PA:00201090
   2006ns             196 00000100 00410593 addi             x11, x2, 4          x11=00201094  x2:00201090
   2016ns             197 00000102 00000613 addi             x12, x0, 0          x12=00000000
   2026ns             198 00000104 006000ef jal              x1, 6                x1=00000106
   2046ns             200 0000010a fc010113 addi             x2, x2, -64          x2=00201050  x2:00201090
   2056ns             201 0000010c 52b00793 addi             x15, x0, 1323       x15=0000052b
   2066ns             202 00000110 00f12223 sw               x15, 4(x2)          x15:0000052b  x2:00201050  PA:00201054
   2076ns             203 00000112 0ea00793 addi             x15, x0, 234        x15=000000ea
   2086ns             204 00000116 00f12423 sw               x15, 8(x2)          x15:000000ea  x2:00201050  PA:00201058
   2096ns             205 00000118 02b00793 addi             x15, x0, 43         x15=0000002b
   2106ns             206 0000011c 00f12623 sw               x15, 12(x2)         x15:0000002b  x2:00201050  PA:0020105c
   2116ns             207 0000011e 000857b7 lui              x15, 0x85000        x15=00085000
   2126ns             208 00000122 23f78793 addi             x15, x15, 575       x15=0008523f x15:00085000
   2136ns             209 00000126 00f12823 sw               x15, 16(x2)         x15:0008523f  x2:00201050  PA:00201060
   2146ns             210 00000128 3e800793 addi             x15, x0, 1000       x15=000003e8
   2156ns             211 0000012c 00f12a23 sw               x15, 20(x2)         x15:000003e8  x2:00201050  PA:00201064
   2166ns             212 0000012e 00d00793 addi             x15, x0, 13         x15=0000000d
   2176ns             213 00000130 00f12c23 sw               x15, 24(x2)         x15:0000000d  x2:00201050  PA:00201068
   2186ns             214 00000132 00200793 addi             x15, x0, 2          x15=00000002
   2196ns             215 00000134 00f12e23 sw               x15, 28(x2)         x15:00000002  x2:00201050  PA:0020106c
   2206ns             216 00000136 00400793 addi             x15, x0, 4          x15=00000004
   2216ns             217 00000138 02f12023 sw               x15, 32(x2)         x15:00000004  x2:00201050  PA:00201070
   2226ns             218 0000013a 03600793 addi             x15, x0, 54         x15=00000036
   2236ns             219 0000013e 02f12223 sw               x15, 36(x2)         x15:00000036  x2:00201050  PA:00201074
   2246ns             220 00000140 00a00793 addi             x15, x0, 10         x15=0000000a
   2256ns             221 00000142 02f12423 sw               x15, 40(x2)         x15:0000000a  x2:00201050  PA:00201078
   2266ns             222 00000144 00410693 addi             x13, x2, 4          x13=00201054  x2:00201050
   2276ns             223 00000146 01810713 addi             x14, x2, 24         x14=00201068  x2:00201050
   2286ns             224 00000148 00000793 addi             x15, x0, 0          x15=00000000
   2296ns             225 0000014a 00500513 addi             x10, x0, 5          x10=00000005
   2306ns             226 0000014c 00072603 lw               x12, 0(x14)         x12=0000000d x14:00201068  PA:00201068
   2316ns             227 0000014e 0006a583 lw               x11, 0(x13)         x11=0000052b x13:00201054  PA:00201054
   2326ns             228 00000150 04010813 addi             x16, x2, 64         x16=00201090  x2:00201050
   2336ns             229 00000154 00468693 addi             x13, x13, 4         x13=00201058 x13:00201054
   2346ns             230 00000156 02c5c5b3 div              x11, x11, x12       x11=00000065 x11:0000052b x12:0000000d
   2656ns             261 0000015a 00279613 slli             x12, x15, 0x2       x12=00000000 x15:00000000
   2666ns             262 0000015e 01060633 add              x12, x12, x16       x12=00201090 x12:00000000 x16:00201090
   2676ns             263 00000160 00178793 addi             x15, x15, 1         x15=00000001 x15:00000000
   2686ns             264 00000162 00470713 addi             x14, x14, 4         x14=0020106c x14:00201068
   2696ns             265 00000164 feb62623 sw               x11, -20(x12)       x11:00000065 x12:00201090  PA:0020107c
   2706ns             266 00000168 fea792e3 bne              x15, x10, -28       x15:00000001 x10:00000005
   2736ns             269 0000014c 00072603 lw               x12, 0(x14)         x12=00000002 x14:0020106c  PA:0020106c
   2746ns             270 0000014e 0006a583 lw               x11, 0(x13)         x11=000000ea x13:00201058  PA:00201058
   2756ns             271 00000150 04010813 addi             x16, x2, 64         x16=00201090  x2:00201050
   2766ns             272 00000154 00468693 addi             x13, x13, 4         x13=0020105c x13:00201058
   2776ns             273 00000156 02c5c5b3 div              x11, x11, x12       x11=00000075 x11:000000ea x12:00000002
   3106ns             306 0000015a 00279613 slli             x12, x15, 0x2       x12=00000004 x15:00000001
   3116ns             307 0000015e 01060633 add              x12, x12, x16       x12=00201094 x12:00000004 x16:00201090
   3126ns             308 00000160 00178793 addi             x15, x15, 1         x15=00000002 x15:00000001
   3136ns             309 00000162 00470713 addi             x14, x14, 4         x14=00201070 x14:0020106c
   3146ns             310 00000164 feb62623 sw               x11, -20(x12)       x11:00000075 x12:00201094  PA:00201080
   3156ns             311 00000168 fea792e3 bne              x15, x10, -28       x15:00000002 x10:00000005
   3186ns             314 0000014c 00072603 lw               x12, 0(x14)         x12=00000004 x14:00201070  PA:00201070
   3196ns             315 0000014e 0006a583 lw               x11, 0(x13)         x11=0000002b x13:0020105c  PA:0020105c
   3206ns             316 00000150 04010813 addi             x16, x2, 64         x16=00201090  x2:00201050
   3216ns             317 00000154 00468693 addi             x13, x13, 4         x13=00201060 x13:0020105c
   3226ns             318 00000156 02c5c5b3 div              x11, x11, x12       x11=0000000a x11:0000002b x12:00000004
   3546ns             350 0000015a 00279613 slli             x12, x15, 0x2       x12=00000008 x15:00000002
   3556ns             351 0000015e 01060633 add              x12, x12, x16       x12=00201098 x12:00000008 x16:00201090
   3566ns             352 00000160 00178793 addi             x15, x15, 1         x15=00000003 x15:00000002
   3576ns             353 00000162 00470713 addi             x14, x14, 4         x14=00201074 x14:00201070
   3586ns             354 00000164 feb62623 sw               x11, -20(x12)       x11:0000000a x12:00201098  PA:00201084
   3596ns             355 00000168 fea792e3 bne              x15, x10, -28       x15:00000003 x10:00000005
   3626ns             358 0000014c 00072603 lw               x12, 0(x14)         x12=00000036 x14:00201074  PA:00201074
   3636ns             359 0000014e 0006a583 lw               x11, 0(x13)         x11=0008523f x13:00201060  PA:00201060
   3646ns             360 00000150 04010813 addi             x16, x2, 64         x16=00201090  x2:00201050
   3656ns             361 00000154 00468693 addi             x13, x13, 4         x13=00201064 x13:00201060
   3666ns             362 00000156 02c5c5b3 div              x11, x11, x12       x11=00002772 x11:0008523f x12:00000036
   3956ns             391 0000015a 00279613 slli             x12, x15, 0x2       x12=0000000c x15:00000003
   3966ns             392 0000015e 01060633 add              x12, x12, x16       x12=0020109c x12:0000000c x16:00201090
   3976ns             393 00000160 00178793 addi             x15, x15, 1         x15=00000004 x15:00000003
   3986ns             394 00000162 00470713 addi             x14, x14, 4         x14=00201078 x14:00201074
   3996ns             395 00000164 feb62623 sw               x11, -20(x12)       x11:00002772 x12:0020109c  PA:00201088
   4006ns             396 00000168 fea792e3 bne              x15, x10, -28       x15:00000004 x10:00000005
   4036ns             399 0000014c 00072603 lw               x12, 0(x14)         x12=0000000a x14:00201078  PA:00201078
   4046ns             400 0000014e 0006a583 lw               x11, 0(x13)         x11=000003e8 x13:00201064  PA:00201064
   4056ns             401 00000150 04010813 addi             x16, x2, 64         x16=00201090  x2:00201050
   4066ns             402 00000154 00468693 addi             x13, x13, 4         x13=00201068 x13:00201064
   4076ns             403 00000156 02c5c5b3 div              x11, x11, x12       x11=00000064 x11:000003e8 x12:0000000a
   4386ns             434 0000015a 00279613 slli             x12, x15, 0x2       x12=00000010 x15:00000004
   4396ns             435 0000015e 01060633 add              x12, x12, x16       x12=002010a0 x12:00000010 x16:00201090
   4406ns             436 00000160 00178793 addi             x15, x15, 1         x15=00000005 x15:00000004
   4416ns             437 00000162 00470713 addi             x14, x14, 4         x14=0020107c x14:00201078
   4426ns             438 00000164 feb62623 sw               x11, -20(x12)       x11:00000064 x12:002010a0  PA:0020108c
   4436ns             439 00000168 fea792e3 bne              x15, x10, -28       x15:00000005 x10:00000005
   4446ns             440 0000016c 00000513 addi             x10, x0, 0          x10=00000000
   4456ns             441 0000016e 04010113 addi             x2, x2, 64           x2=00201090  x2:00201050
   4466ns             442 00000170 00008067 jalr             x0, x1, 0            x1:00000106
   4486ns             444 00000106 2b00006f jal              x0, 688            
   4506ns             446 000003b6 ff010113 addi             x2, x2, -16          x2=00201080  x2:00201090
   4516ns             447 000003b8 00000593 addi             x11, x0, 0          x11=00000000
   4526ns             448 000003ba 00812423 sw               x8, 8(x2)            x8:00000000  x2:00201080  PA:00201088
   4536ns             449 000003bc 00112623 sw               x1, 12(x2)           x1:00000106  x2:00201080  PA:0020108c
   4546ns             450 000003be 00a00433 add              x8, x0, x10          x8=00000000 x10:00000000
   4556ns             451 000003c0 302000ef jal              x1, 770              x1=000003c2
   4576ns             453 000006c2 fd010113 addi             x2, x2, -48          x2=00201050  x2:00201080
   4586ns             454 000006c4 01312e23 sw               x19, 28(x2)         x19:00000000  x2:00201050  PA:0020106c
   4596ns             455 000006c6 0341a983 lw               x19, 52(x3)         x19=00200008  x3:00200808  PA:0020083c
   4606ns             456 000006ca 01412c23 sw               x20, 24(x2)         x20:00000000  x2:00201050  PA:00201068
   4616ns             457 000006cc 01512a23 sw               x21, 20(x2)         x21:00000000  x2:00201050  PA:00201064
   4626ns             458 000006ce 01612823 sw               x22, 16(x2)         x22:00000000  x2:00201050  PA:00201060
   4636ns             459 000006d0 02112623 sw               x1, 44(x2)           x1:000003c2  x2:00201050  PA:0020107c
   4646ns             460 000006d2 02812423 sw               x8, 40(x2)           x8:00000000  x2:00201050  PA:00201078
   4656ns             461 000006d4 02912223 sw               x9, 36(x2)           x9:00000000  x2:00201050  PA:00201074
   4666ns             462 000006d6 03212023 sw               x18, 32(x2)         x18:00000000  x2:00201050  PA:00201070
   4676ns             463 000006d8 01712623 sw               x23, 12(x2)         x23:00000000  x2:00201050  PA:0020105c
   4686ns             464 000006da 00a00ab3 add              x21, x0, x10        x21=00000000 x10:00000000
   4696ns             465 000006dc 00b00a33 add              x20, x0, x11        x20=00000000 x11:00000000
   4706ns             466 000006de 00100b13 addi             x22, x0, 1          x22=00000001
   4716ns             467 000006e0 1489a483 lw               x9, 328(x19)         x9=00200154 x19:00200008  PA:00200150
   4736ns             469 000006e4 00048863 beq              x9, x0, 16           x9:00200154
   4746ns             470 000006e6 0044a403 lw               x8, 4(x9)            x8=00000001  x9:00200154  PA:00200158
   4766ns             472 000006e8 fff40913 addi             x18, x8, -1         x18=00000000  x8:00000001
   4776ns             473 000006ec 00241413 slli             x8, x8, 0x2          x8=00000004  x8:00000001
   4786ns             474 000006ee 00940433 add              x8, x8, x9           x8=00200158  x8:00000004  x9:00200154
   4796ns             475 000006f0 00095d63 bge              x18, x0, 26         x18:00000000
   4826ns             478 0000070a 000a0963 beq              x20, x0, 18         x20:00000000
   4856ns             481 0000071c 0044a703 lw               x14, 4(x9)          x14=00000001  x9:00200154  PA:00200158
   4866ns             482 0000071e 00442783 lw               x15, 4(x8)          x15=000003d0  x8:00200158  PA:0020015c
   4876ns             483 00000720 fff70713 addi             x14, x14, -1        x14=00000000 x14:00000001
   4886ns             484 00000722 03271663 bne              x14, x18, 44        x14:00000000 x18:00000000
   4896ns             485 00000726 0124a223 sw               x18, 4(x9)          x18:00000000  x9:00200154  PA:00200158
   4906ns             486 0000072a fe0786e3 beq              x15, x0, -20        x15:000003d0
   4916ns             487 0000072c 1884a683 lw               x13, 392(x9)        x13=00000000  x9:00200154  PA:002002dc
   4926ns             488 00000730 012b1733 sll              x14, x22, x18       x14=00000001 x22:00000001 x18:00000000
   4936ns             489 00000734 0044ab83 lw               x23, 4(x9)          x23=00000000  x9:00200154  PA:00200158
   4946ns             490 00000738 00e6f6b3 and              x13, x13, x14       x13=00000000 x13:00000000 x14:00000001
   4956ns             491 0000073a 00069d63 bne              x13, x0, 26         x13:00000000
   4966ns             492 0000073c 000780e7 jalr             x1, x15, 0           x1=0000073e x15:000003d0
   4986ns             494 000003d0 fe010113 addi             x2, x2, -32          x2=00201030  x2:00201050
   4996ns             495 000003d2 000027b7 lui              x15, 0x2000         x15=00002000
   5006ns             496 000003d4 00002737 lui              x14, 0x2000         x14=00002000
   5016ns             497 000003d6 00812c23 sw               x8, 24(x2)           x8:00200158  x2:00201030  PA:00201048
   5026ns             498 000003d8 f6070713 addi             x14, x14, -160      x14=00001f60 x14:00002000
   5036ns             499 000003dc f6078413 addi             x8, x15, -160        x8=00001f60 x15:00002000
   5046ns             500 000003e0 40e40433 sub              x8, x8, x14          x8=00000000  x8:00001f60 x14:00001f60
   5056ns             501 000003e2 00912a23 sw               x9, 20(x2)           x9:00200154  x2:00201030  PA:00201044
   5066ns             502 000003e4 01212823 sw               x18, 16(x2)         x18:00000000  x2:00201030  PA:00201040
   5076ns             503 000003e6 01312623 sw               x19, 12(x2)         x19:00200008  x2:00201030  PA:0020103c
   5086ns             504 000003e8 00112e23 sw               x1, 28(x2)           x1:0000073e  x2:00201030  PA:0020104c
   5096ns             505 000003ea 40245413 srai             x8, x8, 0x402        x8=00000000  x8:00000000
   5106ns             506 000003ec 00000493 addi             x9, x0, 0            x9=00000000
   5116ns             507 000003ee f6078913 addi             x18, x15, -160      x18=00001f60 x15:00002000
   5126ns             508 000003f2 ffc00993 addi             x19, x0, -4         x19=fffffffc
   5136ns             509 000003f4 00941963 bne              x8, x9, 18           x8:00000000  x9:00000000
   5146ns             510 000003f8 01812403 lw               x8, 24(x2)           x8=00200158  x2:00201030  PA:00201048
   5156ns             511 000003fa 01c12083 lw               x1, 28(x2)           x1=0000073e  x2:00201030  PA:0020104c
   5166ns             512 000003fc 01412483 lw               x9, 20(x2)           x9=00200154  x2:00201030  PA:00201044
   5176ns             513 000003fe 01012903 lw               x18, 16(x2)         x18=00000000  x2:00201030  PA:00201040
   5186ns             514 00000400 00c12983 lw               x19, 12(x2)         x19=00200008  x2:00201030  PA:0020103c
   5196ns             515 00000402 02010113 addi             x2, x2, 32           x2=00201050  x2:00201030
   5206ns             516 00000404 d05ff06f jal              x0, -764           
   5226ns             518 00000108 00008067 jalr             x0, x1, 0            x1:0000073e
   5246ns             520 0000073e 0044a703 lw               x14, 4(x9)          x14=00000000  x9:00200154  PA:00200158
   5256ns             521 00000740 1489a783 lw               x15, 328(x19)       x15=00200154 x19:00200008  PA:00200150
   5266ns             522 00000744 f9771ee3 bne              x14, x23, -100      x14:00000000 x23:00000000
   5276ns             523 00000748 fcf487e3 beq              x9, x15, -50         x9:00200154 x15:00200154
   5306ns             526 00000716 fff90913 addi             x18, x18, -1        x18=ffffffff x18:00000000
   5316ns             527 00000718 ffc40413 addi             x8, x8, -4           x8=00200154  x8:00200158
   5326ns             528 0000071a fd7ff06f jal              x0, -42            
   5346ns             530 000006f0 00095d63 bge              x18, x0, 26         x18:ffffffff
   5356ns             531 000006f4 02c12083 lw               x1, 44(x2)           x1=000003c2  x2:00201050  PA:0020107c
   5366ns             532 000006f6 02812403 lw               x8, 40(x2)           x8=00000000  x2:00201050  PA:00201078
   5376ns             533 000006f8 02412483 lw               x9, 36(x2)           x9=00000000  x2:00201050  PA:00201074
   5386ns             534 000006fa 02012903 lw               x18, 32(x2)         x18=00000000  x2:00201050  PA:00201070
   5396ns             535 000006fc 01c12983 lw               x19, 28(x2)         x19=00000000  x2:00201050  PA:0020106c
   5406ns             536 000006fe 01812a03 lw               x20, 24(x2)         x20=00000000  x2:00201050  PA:00201068
   5416ns             537 00000700 01412a83 lw               x21, 20(x2)         x21=00000000  x2:00201050  PA:00201064
   5426ns             538 00000702 01012b03 lw               x22, 16(x2)         x22=00000000  x2:00201050  PA:00201060
   5436ns             539 00000704 00c12b83 lw               x23, 12(x2)         x23=00000000  x2:00201050  PA:0020105c
   5446ns             540 00000706 03010113 addi             x2, x2, 48           x2=00201080  x2:00201050
   5456ns             541 00000708 00008067 jalr             x0, x1, 0            x1:000003c2
   5476ns             543 000003c2 0341a503 lw               x10, 52(x3)         x10=00200008  x3:00200808  PA:0020083c
   5496ns             545 000003c6 03c52783 lw               x15, 60(x10)        x15=00000000 x10:00200008  PA:00200044
   5516ns             547 000003c8 00078263 beq              x15, x0, 4          x15:00000000
   5546ns             550 000003cc 00800533 add              x10, x0, x8         x10=00000000  x8:00000000
   5556ns             551 000003ce e09ff0ef jal              x1, -504             x1=000003d0
   5576ns             553 000001d6 200007b7 lui              x15, 0x20000000     x15=20000000
